<?xml version="1.0" encoding="UTF-8"?>
<testsuite name="com.rps.MoveTestSuite" tests="1" skipped="0" failures="0" errors="0" timestamp="2019-02-27T21:24:32" hostname="LAPTOP-IHMTTFL3" time="0.023">
  <properties/>
  <testcase name="testReturnSelectedMove" classname="com.rps.MoveTestSuite" time="0.023"/>
  <system-out><![CDATA[]]></system-out>
  <system-err><![CDATA[]]></system-err>
</testsuite>
